<?xml version="1.0" encoding="UTF-8"?>
<!-- Generated by org.testng.reporters.JUnitReportReporter -->
<testsuite hostname="PC201905211325" name="Test3.NewTest" tests="3" failures="0" timestamp="15 Jul 2020 05:22:07 GMT" time="38.150" errors="0">
  <testcase name="g" time="16.393" classname="Test3.NewTest"/>
  <testcase name="f" time="21.747" classname="Test3.NewTest"/>
  <testcase name="h" time="0.010" classname="Test3.NewTest"/>
</testsuite> <!-- Test3.NewTest -->
